Start auto log messages stack - Iteration 1.	[MsgId: MMSG-10545]
Start auto log messages stack - Iteration 1.	[MsgId: MMSG-10545]
../Common/openStartPage.h(26): web_add_auto_header("Upgrade-Insecure-Requests") started  	[MsgId: MMSG-26355]
../Common/openStartPage.h(26): web_add_auto_header("Upgrade-Insecure-Requests") was successful  	[MsgId: MMSG-26392]
../Common/openStartPage.h(26): web_add_auto_header("Upgrade-Insecure-Requests") started  	[MsgId: MMSG-26355]
../Common/openStartPage.h(29): web_reg_save_param_ex started  	[MsgId: MMSG-26355]
../Common/openStartPage.h(26): web_add_auto_header("Upgrade-Insecure-Requests") was successful  	[MsgId: MMSG-26392]
../Common/openStartPage.h(29): Registering web_reg_save_param_ex was successful  	[MsgId: MMSG-26390]
../Common/openStartPage.h(29): web_reg_save_param_ex started  	[MsgId: MMSG-26355]
../Common/openStartPage.h(39): web_reg_find started  	[MsgId: MMSG-26355]
../Common/openStartPage.h(29): Registering web_reg_save_param_ex was successful  	[MsgId: MMSG-26390]
../Common/openStartPage.h(39): Registering web_reg_find was successful  	[MsgId: MMSG-26390]
../Common/openStartPage.h(39): web_reg_find started  	[MsgId: MMSG-26355]
../Common/openStartPage.h(39): Registering web_reg_find was successful  	[MsgId: MMSG-26390]
../Common/openStartPage.h(41): web_url("WebTours") started  	[MsgId: MMSG-26355]
../Common/openStartPage.h(41): Error -27792: Failed to connect to server "127.0.0.1:8090": [10061] Connection refused  	[MsgId: MERR-27792]
../Common/openStartPage.h(41): web_url("WebTours") started  	[MsgId: MMSG-26355]
../Common/openStartPage.h(41): Error -27792: Failed to connect to server "127.0.0.1:8090": [10061] Connection refused  	[MsgId: MERR-27792]
End auto log messages stack.	[MsgId: MMSG-10544]
End auto log messages stack.	[MsgId: MMSG-10544]




Start auto log messages stack - Iteration 1.	[MsgId: MMSG-10545]
Start auto log messages stack - Iteration 1.	[MsgId: MMSG-10545]
../Common/openStartPage.h(41): Warning -26377: No match found for the requested parameter "userSession". Either the specified boundaries were not found in the response or the matched text is longer than current max html parameter size of 256 bytes. The total length of the response is 0 bytes. You can use "web_set_max_html_param_len" to increase the max parameter size.  	[MsgId: MWAR-26377]
../Common/openStartPage.h(41): Warning -26377: No match found for the requested parameter "userSession". Either the specified boundaries were not found in the response or the matched text is longer than current max html parameter size of 256 bytes. The total length of the response is 0 bytes. You can use "web_set_max_html_param_len" to increase the max parameter size.  	[MsgId: MWAR-26377]
../Common/openStartPage.h(41): Error -26366: "Text=Welcome to the Web Tours site." not found for web_reg_find  	[MsgId: MERR-26366]
../Common/openStartPage.h(41): Error -26366: "Text=Welcome to the Web Tours site." not found for web_reg_find  	[MsgId: MERR-26366]
../Common/openStartPage.h(41): Error -26374: The above "not found" error(s) may be explained by header and body byte counts being 0 and 0, respectively.  	[MsgId: MERR-26374]
../Common/openStartPage.h(41): Error -26374: The above "not found" error(s) may be explained by header and body byte counts being 0 and 0, respectively.  	[MsgId: MERR-26374]
End auto log messages stack.	[MsgId: MMSG-10544]
End auto log messages stack.	[MsgId: MMSG-10544]




Start auto log messages stack - Iteration 1.	[MsgId: MMSG-10545]
../Common/openStartPage.h(26): web_add_auto_header("Upgrade-Insecure-Requests") started  	[MsgId: MMSG-26355]
../Common/openStartPage.h(26): web_add_auto_header("Upgrade-Insecure-Requests") was successful  	[MsgId: MMSG-26392]
../Common/openStartPage.h(29): web_reg_save_param_ex started  	[MsgId: MMSG-26355]
../Common/openStartPage.h(29): Registering web_reg_save_param_ex was successful  	[MsgId: MMSG-26390]
../Common/openStartPage.h(39): web_reg_find started  	[MsgId: MMSG-26355]
../Common/openStartPage.h(39): Registering web_reg_find was successful  	[MsgId: MMSG-26390]
../Common/openStartPage.h(41): web_url("WebTours") started  	[MsgId: MMSG-26355]
../Common/openStartPage.h(41): Error -27792: Failed to connect to server "127.0.0.1:8090": [10061] Connection refused  	[MsgId: MERR-27792]
End auto log messages stack.	[MsgId: MMSG-10544]


Start auto log messages stack - Iteration 1.	[MsgId: MMSG-10545]
../Common/openStartPage.h(41): Warning -26377: No match found for the requested parameter "userSession". Either the specified boundaries were not found in the response or the matched text is longer than current max html parameter size of 256 bytes. The total length of the response is 0 bytes. You can use "web_set_max_html_param_len" to increase the max parameter size.  	[MsgId: MWAR-26377]
../Common/openStartPage.h(41): Error -26366: "Text=Welcome to the Web Tours site." not found for web_reg_find  	[MsgId: MERR-26366]
../Common/openStartPage.h(41): Error -26374: The above "not found" error(s) may be explained by header and body byte counts being 0 and 0, respectively.  	[MsgId: MERR-26374]
End auto log messages stack.	[MsgId: MMSG-10544]


Start auto log messages stack - Iteration 1.	[MsgId: MMSG-10545]
../Common/openStartPage.h(26): web_add_auto_header("Upgrade-Insecure-Requests") started  	[MsgId: MMSG-26355]
../Common/openStartPage.h(26): web_add_auto_header("Upgrade-Insecure-Requests") was successful  	[MsgId: MMSG-26392]
../Common/openStartPage.h(29): web_reg_save_param_ex started  	[MsgId: MMSG-26355]
../Common/openStartPage.h(29): Registering web_reg_save_param_ex was successful  	[MsgId: MMSG-26390]
../Common/openStartPage.h(39): web_reg_find started  	[MsgId: MMSG-26355]
../Common/openStartPage.h(39): Registering web_reg_find was successful  	[MsgId: MMSG-26390]
../Common/openStartPage.h(41): web_url("WebTours") started  	[MsgId: MMSG-26355]
../Common/openStartPage.h(41): Error -27792: Failed to connect to server "127.0.0.1:8090": [10061] Connection refused  	[MsgId: MERR-27792]
End auto log messages stack.	[MsgId: MMSG-10544]


Start auto log messages stack - Iteration 1.	[MsgId: MMSG-10545]
../Common/openStartPage.h(41): Warning -26377: No match found for the requested parameter "userSession". Either the specified boundaries were not found in the response or the matched text is longer than current max html parameter size of 256 bytes. The total length of the response is 0 bytes. You can use "web_set_max_html_param_len" to increase the max parameter size.  	[MsgId: MWAR-26377]
../Common/openStartPage.h(41): Error -26366: "Text=Welcome to the Web Tours site." not found for web_reg_find  	[MsgId: MERR-26366]
../Common/openStartPage.h(41): Error -26374: The above "not found" error(s) may be explained by header and body byte counts being 0 and 0, respectively.  	[MsgId: MERR-26374]
End auto log messages stack.	[MsgId: MMSG-10544]


